I, [2014-05-14T12:23:34.894907 #3612]  INFO -- : Started GET "/" for 127.0.0.1 at 2014-05-14 12:23:34 +0700
F, [2014-05-14T12:23:34.901210 #3612] FATAL -- : 
Mysql2::Error (Access denied for user ''@'localhost' to database 'moni_production'):
  mysql2 (0.3.15) lib/mysql2/client.rb:67:in `connect'
  mysql2 (0.3.15) lib/mysql2/client.rb:67:in `initialize'
  activerecord (4.1.0) lib/active_record/connection_adapters/mysql2_adapter.rb:18:in `new'
  activerecord (4.1.0) lib/active_record/connection_adapters/mysql2_adapter.rb:18:in `mysql2_connection'
  activerecord (4.1.0) lib/active_record/connection_adapters/abstract/connection_pool.rb:435:in `new_connection'
  activerecord (4.1.0) lib/active_record/connection_adapters/abstract/connection_pool.rb:445:in `checkout_new_connection'
  activerecord (4.1.0) lib/active_record/connection_adapters/abstract/connection_pool.rb:416:in `acquire_connection'
  activerecord (4.1.0) lib/active_record/connection_adapters/abstract/connection_pool.rb:351:in `block in checkout'
  /usr/lib/ruby/1.9.1/monitor.rb:211:in `mon_synchronize'
  activerecord (4.1.0) lib/active_record/connection_adapters/abstract/connection_pool.rb:350:in `checkout'
  activerecord (4.1.0) lib/active_record/connection_adapters/abstract/connection_pool.rb:265:in `block in connection'
  /usr/lib/ruby/1.9.1/monitor.rb:211:in `mon_synchronize'
  activerecord (4.1.0) lib/active_record/connection_adapters/abstract/connection_pool.rb:264:in `connection'
  activerecord (4.1.0) lib/active_record/connection_adapters/abstract/connection_pool.rb:541:in `retrieve_connection'
  activerecord (4.1.0) lib/active_record/connection_handling.rb:113:in `retrieve_connection'
  activerecord (4.1.0) lib/active_record/connection_handling.rb:87:in `connection'
  activerecord (4.1.0) lib/active_record/query_cache.rb:51:in `restore_query_cache_settings'
  activerecord (4.1.0) lib/active_record/query_cache.rb:43:in `rescue in call'
  activerecord (4.1.0) lib/active_record/query_cache.rb:32:in `call'
  activerecord (4.1.0) lib/active_record/connection_adapters/abstract/connection_pool.rb:621:in `call'
  actionpack (4.1.0) lib/action_dispatch/middleware/callbacks.rb:29:in `block in call'
  activesupport (4.1.0) lib/active_support/callbacks.rb:82:in `run_callbacks'
  actionpack (4.1.0) lib/action_dispatch/middleware/callbacks.rb:27:in `call'
  actionpack (4.1.0) lib/action_dispatch/middleware/remote_ip.rb:76:in `call'
  actionpack (4.1.0) lib/action_dispatch/middleware/debug_exceptions.rb:17:in `call'
  actionpack (4.1.0) lib/action_dispatch/middleware/show_exceptions.rb:30:in `call'
  railties (4.1.0) lib/rails/rack/logger.rb:38:in `call_app'
  railties (4.1.0) lib/rails/rack/logger.rb:20:in `block in call'
  activesupport (4.1.0) lib/active_support/tagged_logging.rb:68:in `block in tagged'
  activesupport (4.1.0) lib/active_support/tagged_logging.rb:26:in `tagged'
  activesupport (4.1.0) lib/active_support/tagged_logging.rb:68:in `tagged'
  railties (4.1.0) lib/rails/rack/logger.rb:20:in `call'
  actionpack (4.1.0) lib/action_dispatch/middleware/request_id.rb:21:in `call'
  rack (1.5.2) lib/rack/methodoverride.rb:21:in `call'
  rack (1.5.2) lib/rack/runtime.rb:17:in `call'
  activesupport (4.1.0) lib/active_support/cache/strategy/local_cache_middleware.rb:26:in `call'
  rack (1.5.2) lib/rack/sendfile.rb:112:in `call'
  railties (4.1.0) lib/rails/engine.rb:514:in `call'
  railties (4.1.0) lib/rails/application.rb:144:in `call'
  rack (1.5.2) lib/rack/lock.rb:17:in `call'
  rack (1.5.2) lib/rack/content_length.rb:14:in `call'
  rack (1.5.2) lib/rack/handler/webrick.rb:60:in `service'
  /usr/lib/ruby/1.9.1/webrick/httpserver.rb:138:in `service'
  /usr/lib/ruby/1.9.1/webrick/httpserver.rb:94:in `run'
  /usr/lib/ruby/1.9.1/webrick/server.rb:191:in `block in start_thread'


I, [2014-05-14T12:23:39.014024 #3612]  INFO -- : Started GET "/" for 127.0.0.1 at 2014-05-14 12:23:39 +0700
F, [2014-05-14T12:23:39.015945 #3612] FATAL -- : 
Mysql2::Error (Access denied for user ''@'localhost' to database 'moni_production'):
  mysql2 (0.3.15) lib/mysql2/client.rb:67:in `connect'
  mysql2 (0.3.15) lib/mysql2/client.rb:67:in `initialize'
  activerecord (4.1.0) lib/active_record/connection_adapters/mysql2_adapter.rb:18:in `new'
  activerecord (4.1.0) lib/active_record/connection_adapters/mysql2_adapter.rb:18:in `mysql2_connection'
  activerecord (4.1.0) lib/active_record/connection_adapters/abstract/connection_pool.rb:435:in `new_connection'
  activerecord (4.1.0) lib/active_record/connection_adapters/abstract/connection_pool.rb:445:in `checkout_new_connection'
  activerecord (4.1.0) lib/active_record/connection_adapters/abstract/connection_pool.rb:416:in `acquire_connection'
  activerecord (4.1.0) lib/active_record/connection_adapters/abstract/connection_pool.rb:351:in `block in checkout'
  /usr/lib/ruby/1.9.1/monitor.rb:211:in `mon_synchronize'
  activerecord (4.1.0) lib/active_record/connection_adapters/abstract/connection_pool.rb:350:in `checkout'
  activerecord (4.1.0) lib/active_record/connection_adapters/abstract/connection_pool.rb:265:in `block in connection'
  /usr/lib/ruby/1.9.1/monitor.rb:211:in `mon_synchronize'
  activerecord (4.1.0) lib/active_record/connection_adapters/abstract/connection_pool.rb:264:in `connection'
  activerecord (4.1.0) lib/active_record/connection_adapters/abstract/connection_pool.rb:541:in `retrieve_connection'
  activerecord (4.1.0) lib/active_record/connection_handling.rb:113:in `retrieve_connection'
  activerecord (4.1.0) lib/active_record/connection_handling.rb:87:in `connection'
  activerecord (4.1.0) lib/active_record/query_cache.rb:51:in `restore_query_cache_settings'
  activerecord (4.1.0) lib/active_record/query_cache.rb:43:in `rescue in call'
  activerecord (4.1.0) lib/active_record/query_cache.rb:32:in `call'
  activerecord (4.1.0) lib/active_record/connection_adapters/abstract/connection_pool.rb:621:in `call'
  actionpack (4.1.0) lib/action_dispatch/middleware/callbacks.rb:29:in `block in call'
  activesupport (4.1.0) lib/active_support/callbacks.rb:82:in `run_callbacks'
  actionpack (4.1.0) lib/action_dispatch/middleware/callbacks.rb:27:in `call'
  actionpack (4.1.0) lib/action_dispatch/middleware/remote_ip.rb:76:in `call'
  actionpack (4.1.0) lib/action_dispatch/middleware/debug_exceptions.rb:17:in `call'
  actionpack (4.1.0) lib/action_dispatch/middleware/show_exceptions.rb:30:in `call'
  railties (4.1.0) lib/rails/rack/logger.rb:38:in `call_app'
  railties (4.1.0) lib/rails/rack/logger.rb:20:in `block in call'
  activesupport (4.1.0) lib/active_support/tagged_logging.rb:68:in `block in tagged'
  activesupport (4.1.0) lib/active_support/tagged_logging.rb:26:in `tagged'
  activesupport (4.1.0) lib/active_support/tagged_logging.rb:68:in `tagged'
  railties (4.1.0) lib/rails/rack/logger.rb:20:in `call'
  actionpack (4.1.0) lib/action_dispatch/middleware/request_id.rb:21:in `call'
  rack (1.5.2) lib/rack/methodoverride.rb:21:in `call'
  rack (1.5.2) lib/rack/runtime.rb:17:in `call'
  activesupport (4.1.0) lib/active_support/cache/strategy/local_cache_middleware.rb:26:in `call'
  rack (1.5.2) lib/rack/sendfile.rb:112:in `call'
  railties (4.1.0) lib/rails/engine.rb:514:in `call'
  railties (4.1.0) lib/rails/application.rb:144:in `call'
  rack (1.5.2) lib/rack/lock.rb:17:in `call'
  rack (1.5.2) lib/rack/content_length.rb:14:in `call'
  rack (1.5.2) lib/rack/handler/webrick.rb:60:in `service'
  /usr/lib/ruby/1.9.1/webrick/httpserver.rb:138:in `service'
  /usr/lib/ruby/1.9.1/webrick/httpserver.rb:94:in `run'
  /usr/lib/ruby/1.9.1/webrick/server.rb:191:in `block in start_thread'


I, [2014-05-14T12:44:04.898951 #4390]  INFO -- : Started GET "/" for 127.0.0.1 at 2014-05-14 12:44:04 +0700
F, [2014-05-14T12:44:04.938890 #4390] FATAL -- : 
Mysql2::Error (Access denied for user ''@'localhost' to database 'moni_production'):
  mysql2 (0.3.15) lib/mysql2/client.rb:67:in `connect'
  mysql2 (0.3.15) lib/mysql2/client.rb:67:in `initialize'
  activerecord (4.1.0) lib/active_record/connection_adapters/mysql2_adapter.rb:18:in `new'
  activerecord (4.1.0) lib/active_record/connection_adapters/mysql2_adapter.rb:18:in `mysql2_connection'
  activerecord (4.1.0) lib/active_record/connection_adapters/abstract/connection_pool.rb:435:in `new_connection'
  activerecord (4.1.0) lib/active_record/connection_adapters/abstract/connection_pool.rb:445:in `checkout_new_connection'
  activerecord (4.1.0) lib/active_record/connection_adapters/abstract/connection_pool.rb:416:in `acquire_connection'
  activerecord (4.1.0) lib/active_record/connection_adapters/abstract/connection_pool.rb:351:in `block in checkout'
  /usr/lib/ruby/1.9.1/monitor.rb:211:in `mon_synchronize'
  activerecord (4.1.0) lib/active_record/connection_adapters/abstract/connection_pool.rb:350:in `checkout'
  activerecord (4.1.0) lib/active_record/connection_adapters/abstract/connection_pool.rb:265:in `block in connection'
  /usr/lib/ruby/1.9.1/monitor.rb:211:in `mon_synchronize'
  activerecord (4.1.0) lib/active_record/connection_adapters/abstract/connection_pool.rb:264:in `connection'
  activerecord (4.1.0) lib/active_record/connection_adapters/abstract/connection_pool.rb:541:in `retrieve_connection'
  activerecord (4.1.0) lib/active_record/connection_handling.rb:113:in `retrieve_connection'
  activerecord (4.1.0) lib/active_record/connection_handling.rb:87:in `connection'
  activerecord (4.1.0) lib/active_record/query_cache.rb:51:in `restore_query_cache_settings'
  activerecord (4.1.0) lib/active_record/query_cache.rb:43:in `rescue in call'
  activerecord (4.1.0) lib/active_record/query_cache.rb:32:in `call'
  activerecord (4.1.0) lib/active_record/connection_adapters/abstract/connection_pool.rb:621:in `call'
  actionpack (4.1.0) lib/action_dispatch/middleware/callbacks.rb:29:in `block in call'
  activesupport (4.1.0) lib/active_support/callbacks.rb:82:in `run_callbacks'
  actionpack (4.1.0) lib/action_dispatch/middleware/callbacks.rb:27:in `call'
  actionpack (4.1.0) lib/action_dispatch/middleware/remote_ip.rb:76:in `call'
  actionpack (4.1.0) lib/action_dispatch/middleware/debug_exceptions.rb:17:in `call'
  actionpack (4.1.0) lib/action_dispatch/middleware/show_exceptions.rb:30:in `call'
  railties (4.1.0) lib/rails/rack/logger.rb:38:in `call_app'
  railties (4.1.0) lib/rails/rack/logger.rb:20:in `block in call'
  activesupport (4.1.0) lib/active_support/tagged_logging.rb:68:in `block in tagged'
  activesupport (4.1.0) lib/active_support/tagged_logging.rb:26:in `tagged'
  activesupport (4.1.0) lib/active_support/tagged_logging.rb:68:in `tagged'
  railties (4.1.0) lib/rails/rack/logger.rb:20:in `call'
  actionpack (4.1.0) lib/action_dispatch/middleware/request_id.rb:21:in `call'
  rack (1.5.2) lib/rack/methodoverride.rb:21:in `call'
  rack (1.5.2) lib/rack/runtime.rb:17:in `call'
  activesupport (4.1.0) lib/active_support/cache/strategy/local_cache_middleware.rb:26:in `call'
  actionpack (4.1.0) lib/action_dispatch/middleware/static.rb:64:in `call'
  rack (1.5.2) lib/rack/sendfile.rb:112:in `call'
  railties (4.1.0) lib/rails/engine.rb:514:in `call'
  railties (4.1.0) lib/rails/application.rb:144:in `call'
  rack (1.5.2) lib/rack/lock.rb:17:in `call'
  rack (1.5.2) lib/rack/content_length.rb:14:in `call'
  rack (1.5.2) lib/rack/handler/webrick.rb:60:in `service'
  /usr/lib/ruby/1.9.1/webrick/httpserver.rb:138:in `service'
  /usr/lib/ruby/1.9.1/webrick/httpserver.rb:94:in `run'
  /usr/lib/ruby/1.9.1/webrick/server.rb:191:in `block in start_thread'


I, [2014-05-14T12:44:24.921878 #4390]  INFO -- : Started GET "/" for 127.0.0.1 at 2014-05-14 12:44:24 +0700
F, [2014-05-14T12:44:24.923765 #4390] FATAL -- : 
Mysql2::Error (Access denied for user ''@'localhost' to database 'moni_production'):
  mysql2 (0.3.15) lib/mysql2/client.rb:67:in `connect'
  mysql2 (0.3.15) lib/mysql2/client.rb:67:in `initialize'
  activerecord (4.1.0) lib/active_record/connection_adapters/mysql2_adapter.rb:18:in `new'
  activerecord (4.1.0) lib/active_record/connection_adapters/mysql2_adapter.rb:18:in `mysql2_connection'
  activerecord (4.1.0) lib/active_record/connection_adapters/abstract/connection_pool.rb:435:in `new_connection'
  activerecord (4.1.0) lib/active_record/connection_adapters/abstract/connection_pool.rb:445:in `checkout_new_connection'
  activerecord (4.1.0) lib/active_record/connection_adapters/abstract/connection_pool.rb:416:in `acquire_connection'
  activerecord (4.1.0) lib/active_record/connection_adapters/abstract/connection_pool.rb:351:in `block in checkout'
  /usr/lib/ruby/1.9.1/monitor.rb:211:in `mon_synchronize'
  activerecord (4.1.0) lib/active_record/connection_adapters/abstract/connection_pool.rb:350:in `checkout'
  activerecord (4.1.0) lib/active_record/connection_adapters/abstract/connection_pool.rb:265:in `block in connection'
  /usr/lib/ruby/1.9.1/monitor.rb:211:in `mon_synchronize'
  activerecord (4.1.0) lib/active_record/connection_adapters/abstract/connection_pool.rb:264:in `connection'
  activerecord (4.1.0) lib/active_record/connection_adapters/abstract/connection_pool.rb:541:in `retrieve_connection'
  activerecord (4.1.0) lib/active_record/connection_handling.rb:113:in `retrieve_connection'
  activerecord (4.1.0) lib/active_record/connection_handling.rb:87:in `connection'
  activerecord (4.1.0) lib/active_record/query_cache.rb:51:in `restore_query_cache_settings'
  activerecord (4.1.0) lib/active_record/query_cache.rb:43:in `rescue in call'
  activerecord (4.1.0) lib/active_record/query_cache.rb:32:in `call'
  activerecord (4.1.0) lib/active_record/connection_adapters/abstract/connection_pool.rb:621:in `call'
  actionpack (4.1.0) lib/action_dispatch/middleware/callbacks.rb:29:in `block in call'
  activesupport (4.1.0) lib/active_support/callbacks.rb:82:in `run_callbacks'
  actionpack (4.1.0) lib/action_dispatch/middleware/callbacks.rb:27:in `call'
  actionpack (4.1.0) lib/action_dispatch/middleware/remote_ip.rb:76:in `call'
  actionpack (4.1.0) lib/action_dispatch/middleware/debug_exceptions.rb:17:in `call'
  actionpack (4.1.0) lib/action_dispatch/middleware/show_exceptions.rb:30:in `call'
  railties (4.1.0) lib/rails/rack/logger.rb:38:in `call_app'
  railties (4.1.0) lib/rails/rack/logger.rb:20:in `block in call'
  activesupport (4.1.0) lib/active_support/tagged_logging.rb:68:in `block in tagged'
  activesupport (4.1.0) lib/active_support/tagged_logging.rb:26:in `tagged'
  activesupport (4.1.0) lib/active_support/tagged_logging.rb:68:in `tagged'
  railties (4.1.0) lib/rails/rack/logger.rb:20:in `call'
  actionpack (4.1.0) lib/action_dispatch/middleware/request_id.rb:21:in `call'
  rack (1.5.2) lib/rack/methodoverride.rb:21:in `call'
  rack (1.5.2) lib/rack/runtime.rb:17:in `call'
  activesupport (4.1.0) lib/active_support/cache/strategy/local_cache_middleware.rb:26:in `call'
  actionpack (4.1.0) lib/action_dispatch/middleware/static.rb:64:in `call'
  rack (1.5.2) lib/rack/sendfile.rb:112:in `call'
  railties (4.1.0) lib/rails/engine.rb:514:in `call'
  railties (4.1.0) lib/rails/application.rb:144:in `call'
  rack (1.5.2) lib/rack/lock.rb:17:in `call'
  rack (1.5.2) lib/rack/content_length.rb:14:in `call'
  rack (1.5.2) lib/rack/handler/webrick.rb:60:in `service'
  /usr/lib/ruby/1.9.1/webrick/httpserver.rb:138:in `service'
  /usr/lib/ruby/1.9.1/webrick/httpserver.rb:94:in `run'
  /usr/lib/ruby/1.9.1/webrick/server.rb:191:in `block in start_thread'


I, [2014-05-14T12:44:25.924365 #4390]  INFO -- : Started GET "/" for 127.0.0.1 at 2014-05-14 12:44:25 +0700
F, [2014-05-14T12:44:25.929056 #4390] FATAL -- : 
Mysql2::Error (Access denied for user ''@'localhost' to database 'moni_production'):
  mysql2 (0.3.15) lib/mysql2/client.rb:67:in `connect'
  mysql2 (0.3.15) lib/mysql2/client.rb:67:in `initialize'
  activerecord (4.1.0) lib/active_record/connection_adapters/mysql2_adapter.rb:18:in `new'
  activerecord (4.1.0) lib/active_record/connection_adapters/mysql2_adapter.rb:18:in `mysql2_connection'
  activerecord (4.1.0) lib/active_record/connection_adapters/abstract/connection_pool.rb:435:in `new_connection'
  activerecord (4.1.0) lib/active_record/connection_adapters/abstract/connection_pool.rb:445:in `checkout_new_connection'
  activerecord (4.1.0) lib/active_record/connection_adapters/abstract/connection_pool.rb:416:in `acquire_connection'
  activerecord (4.1.0) lib/active_record/connection_adapters/abstract/connection_pool.rb:351:in `block in checkout'
  /usr/lib/ruby/1.9.1/monitor.rb:211:in `mon_synchronize'
  activerecord (4.1.0) lib/active_record/connection_adapters/abstract/connection_pool.rb:350:in `checkout'
  activerecord (4.1.0) lib/active_record/connection_adapters/abstract/connection_pool.rb:265:in `block in connection'
  /usr/lib/ruby/1.9.1/monitor.rb:211:in `mon_synchronize'
  activerecord (4.1.0) lib/active_record/connection_adapters/abstract/connection_pool.rb:264:in `connection'
  activerecord (4.1.0) lib/active_record/connection_adapters/abstract/connection_pool.rb:541:in `retrieve_connection'
  activerecord (4.1.0) lib/active_record/connection_handling.rb:113:in `retrieve_connection'
  activerecord (4.1.0) lib/active_record/connection_handling.rb:87:in `connection'
  activerecord (4.1.0) lib/active_record/query_cache.rb:51:in `restore_query_cache_settings'
  activerecord (4.1.0) lib/active_record/query_cache.rb:43:in `rescue in call'
  activerecord (4.1.0) lib/active_record/query_cache.rb:32:in `call'
  activerecord (4.1.0) lib/active_record/connection_adapters/abstract/connection_pool.rb:621:in `call'
  actionpack (4.1.0) lib/action_dispatch/middleware/callbacks.rb:29:in `block in call'
  activesupport (4.1.0) lib/active_support/callbacks.rb:82:in `run_callbacks'
  actionpack (4.1.0) lib/action_dispatch/middleware/callbacks.rb:27:in `call'
  actionpack (4.1.0) lib/action_dispatch/middleware/remote_ip.rb:76:in `call'
  actionpack (4.1.0) lib/action_dispatch/middleware/debug_exceptions.rb:17:in `call'
  actionpack (4.1.0) lib/action_dispatch/middleware/show_exceptions.rb:30:in `call'
  railties (4.1.0) lib/rails/rack/logger.rb:38:in `call_app'
  railties (4.1.0) lib/rails/rack/logger.rb:20:in `block in call'
  activesupport (4.1.0) lib/active_support/tagged_logging.rb:68:in `block in tagged'
  activesupport (4.1.0) lib/active_support/tagged_logging.rb:26:in `tagged'
  activesupport (4.1.0) lib/active_support/tagged_logging.rb:68:in `tagged'
  railties (4.1.0) lib/rails/rack/logger.rb:20:in `call'
  actionpack (4.1.0) lib/action_dispatch/middleware/request_id.rb:21:in `call'
  rack (1.5.2) lib/rack/methodoverride.rb:21:in `call'
  rack (1.5.2) lib/rack/runtime.rb:17:in `call'
  activesupport (4.1.0) lib/active_support/cache/strategy/local_cache_middleware.rb:26:in `call'
  actionpack (4.1.0) lib/action_dispatch/middleware/static.rb:64:in `call'
  rack (1.5.2) lib/rack/sendfile.rb:112:in `call'
  railties (4.1.0) lib/rails/engine.rb:514:in `call'
  railties (4.1.0) lib/rails/application.rb:144:in `call'
  rack (1.5.2) lib/rack/lock.rb:17:in `call'
  rack (1.5.2) lib/rack/content_length.rb:14:in `call'
  rack (1.5.2) lib/rack/handler/webrick.rb:60:in `service'
  /usr/lib/ruby/1.9.1/webrick/httpserver.rb:138:in `service'
  /usr/lib/ruby/1.9.1/webrick/httpserver.rb:94:in `run'
  /usr/lib/ruby/1.9.1/webrick/server.rb:191:in `block in start_thread'


I, [2014-05-14T12:44:26.609315 #4390]  INFO -- : Started GET "/" for 127.0.0.1 at 2014-05-14 12:44:26 +0700
F, [2014-05-14T12:44:26.611513 #4390] FATAL -- : 
Mysql2::Error (Access denied for user ''@'localhost' to database 'moni_production'):
  mysql2 (0.3.15) lib/mysql2/client.rb:67:in `connect'
  mysql2 (0.3.15) lib/mysql2/client.rb:67:in `initialize'
  activerecord (4.1.0) lib/active_record/connection_adapters/mysql2_adapter.rb:18:in `new'
  activerecord (4.1.0) lib/active_record/connection_adapters/mysql2_adapter.rb:18:in `mysql2_connection'
  activerecord (4.1.0) lib/active_record/connection_adapters/abstract/connection_pool.rb:435:in `new_connection'
  activerecord (4.1.0) lib/active_record/connection_adapters/abstract/connection_pool.rb:445:in `checkout_new_connection'
  activerecord (4.1.0) lib/active_record/connection_adapters/abstract/connection_pool.rb:416:in `acquire_connection'
  activerecord (4.1.0) lib/active_record/connection_adapters/abstract/connection_pool.rb:351:in `block in checkout'
  /usr/lib/ruby/1.9.1/monitor.rb:211:in `mon_synchronize'
  activerecord (4.1.0) lib/active_record/connection_adapters/abstract/connection_pool.rb:350:in `checkout'
  activerecord (4.1.0) lib/active_record/connection_adapters/abstract/connection_pool.rb:265:in `block in connection'
  /usr/lib/ruby/1.9.1/monitor.rb:211:in `mon_synchronize'
  activerecord (4.1.0) lib/active_record/connection_adapters/abstract/connection_pool.rb:264:in `connection'
  activerecord (4.1.0) lib/active_record/connection_adapters/abstract/connection_pool.rb:541:in `retrieve_connection'
  activerecord (4.1.0) lib/active_record/connection_handling.rb:113:in `retrieve_connection'
  activerecord (4.1.0) lib/active_record/connection_handling.rb:87:in `connection'
  activerecord (4.1.0) lib/active_record/query_cache.rb:51:in `restore_query_cache_settings'
  activerecord (4.1.0) lib/active_record/query_cache.rb:43:in `rescue in call'
  activerecord (4.1.0) lib/active_record/query_cache.rb:32:in `call'
  activerecord (4.1.0) lib/active_record/connection_adapters/abstract/connection_pool.rb:621:in `call'
  actionpack (4.1.0) lib/action_dispatch/middleware/callbacks.rb:29:in `block in call'
  activesupport (4.1.0) lib/active_support/callbacks.rb:82:in `run_callbacks'
  actionpack (4.1.0) lib/action_dispatch/middleware/callbacks.rb:27:in `call'
  actionpack (4.1.0) lib/action_dispatch/middleware/remote_ip.rb:76:in `call'
  actionpack (4.1.0) lib/action_dispatch/middleware/debug_exceptions.rb:17:in `call'
  actionpack (4.1.0) lib/action_dispatch/middleware/show_exceptions.rb:30:in `call'
  railties (4.1.0) lib/rails/rack/logger.rb:38:in `call_app'
  railties (4.1.0) lib/rails/rack/logger.rb:20:in `block in call'
  activesupport (4.1.0) lib/active_support/tagged_logging.rb:68:in `block in tagged'
  activesupport (4.1.0) lib/active_support/tagged_logging.rb:26:in `tagged'
  activesupport (4.1.0) lib/active_support/tagged_logging.rb:68:in `tagged'
  railties (4.1.0) lib/rails/rack/logger.rb:20:in `call'
  actionpack (4.1.0) lib/action_dispatch/middleware/request_id.rb:21:in `call'
  rack (1.5.2) lib/rack/methodoverride.rb:21:in `call'
  rack (1.5.2) lib/rack/runtime.rb:17:in `call'
  activesupport (4.1.0) lib/active_support/cache/strategy/local_cache_middleware.rb:26:in `call'
  actionpack (4.1.0) lib/action_dispatch/middleware/static.rb:64:in `call'
  rack (1.5.2) lib/rack/sendfile.rb:112:in `call'
  railties (4.1.0) lib/rails/engine.rb:514:in `call'
  railties (4.1.0) lib/rails/application.rb:144:in `call'
  rack (1.5.2) lib/rack/lock.rb:17:in `call'
  rack (1.5.2) lib/rack/content_length.rb:14:in `call'
  rack (1.5.2) lib/rack/handler/webrick.rb:60:in `service'
  /usr/lib/ruby/1.9.1/webrick/httpserver.rb:138:in `service'
  /usr/lib/ruby/1.9.1/webrick/httpserver.rb:94:in `run'
  /usr/lib/ruby/1.9.1/webrick/server.rb:191:in `block in start_thread'


I, [2014-05-14T12:44:26.926721 #4390]  INFO -- : Started GET "/" for 127.0.0.1 at 2014-05-14 12:44:26 +0700
F, [2014-05-14T12:44:26.928404 #4390] FATAL -- : 
Mysql2::Error (Access denied for user ''@'localhost' to database 'moni_production'):
  mysql2 (0.3.15) lib/mysql2/client.rb:67:in `connect'
  mysql2 (0.3.15) lib/mysql2/client.rb:67:in `initialize'
  activerecord (4.1.0) lib/active_record/connection_adapters/mysql2_adapter.rb:18:in `new'
  activerecord (4.1.0) lib/active_record/connection_adapters/mysql2_adapter.rb:18:in `mysql2_connection'
  activerecord (4.1.0) lib/active_record/connection_adapters/abstract/connection_pool.rb:435:in `new_connection'
  activerecord (4.1.0) lib/active_record/connection_adapters/abstract/connection_pool.rb:445:in `checkout_new_connection'
  activerecord (4.1.0) lib/active_record/connection_adapters/abstract/connection_pool.rb:416:in `acquire_connection'
  activerecord (4.1.0) lib/active_record/connection_adapters/abstract/connection_pool.rb:351:in `block in checkout'
  /usr/lib/ruby/1.9.1/monitor.rb:211:in `mon_synchronize'
  activerecord (4.1.0) lib/active_record/connection_adapters/abstract/connection_pool.rb:350:in `checkout'
  activerecord (4.1.0) lib/active_record/connection_adapters/abstract/connection_pool.rb:265:in `block in connection'
  /usr/lib/ruby/1.9.1/monitor.rb:211:in `mon_synchronize'
  activerecord (4.1.0) lib/active_record/connection_adapters/abstract/connection_pool.rb:264:in `connection'
  activerecord (4.1.0) lib/active_record/connection_adapters/abstract/connection_pool.rb:541:in `retrieve_connection'
  activerecord (4.1.0) lib/active_record/connection_handling.rb:113:in `retrieve_connection'
  activerecord (4.1.0) lib/active_record/connection_handling.rb:87:in `connection'
  activerecord (4.1.0) lib/active_record/query_cache.rb:51:in `restore_query_cache_settings'
  activerecord (4.1.0) lib/active_record/query_cache.rb:43:in `rescue in call'
  activerecord (4.1.0) lib/active_record/query_cache.rb:32:in `call'
  activerecord (4.1.0) lib/active_record/connection_adapters/abstract/connection_pool.rb:621:in `call'
  actionpack (4.1.0) lib/action_dispatch/middleware/callbacks.rb:29:in `block in call'
  activesupport (4.1.0) lib/active_support/callbacks.rb:82:in `run_callbacks'
  actionpack (4.1.0) lib/action_dispatch/middleware/callbacks.rb:27:in `call'
  actionpack (4.1.0) lib/action_dispatch/middleware/remote_ip.rb:76:in `call'
  actionpack (4.1.0) lib/action_dispatch/middleware/debug_exceptions.rb:17:in `call'
  actionpack (4.1.0) lib/action_dispatch/middleware/show_exceptions.rb:30:in `call'
  railties (4.1.0) lib/rails/rack/logger.rb:38:in `call_app'
  railties (4.1.0) lib/rails/rack/logger.rb:20:in `block in call'
  activesupport (4.1.0) lib/active_support/tagged_logging.rb:68:in `block in tagged'
  activesupport (4.1.0) lib/active_support/tagged_logging.rb:26:in `tagged'
  activesupport (4.1.0) lib/active_support/tagged_logging.rb:68:in `tagged'
  railties (4.1.0) lib/rails/rack/logger.rb:20:in `call'
  actionpack (4.1.0) lib/action_dispatch/middleware/request_id.rb:21:in `call'
  rack (1.5.2) lib/rack/methodoverride.rb:21:in `call'
  rack (1.5.2) lib/rack/runtime.rb:17:in `call'
  activesupport (4.1.0) lib/active_support/cache/strategy/local_cache_middleware.rb:26:in `call'
  actionpack (4.1.0) lib/action_dispatch/middleware/static.rb:64:in `call'
  rack (1.5.2) lib/rack/sendfile.rb:112:in `call'
  railties (4.1.0) lib/rails/engine.rb:514:in `call'
  railties (4.1.0) lib/rails/application.rb:144:in `call'
  rack (1.5.2) lib/rack/lock.rb:17:in `call'
  rack (1.5.2) lib/rack/content_length.rb:14:in `call'
  rack (1.5.2) lib/rack/handler/webrick.rb:60:in `service'
  /usr/lib/ruby/1.9.1/webrick/httpserver.rb:138:in `service'
  /usr/lib/ruby/1.9.1/webrick/httpserver.rb:94:in `run'
  /usr/lib/ruby/1.9.1/webrick/server.rb:191:in `block in start_thread'


I, [2014-05-14T12:44:27.124532 #4390]  INFO -- : Started GET "/" for 127.0.0.1 at 2014-05-14 12:44:27 +0700
F, [2014-05-14T12:44:27.129221 #4390] FATAL -- : 
Mysql2::Error (Access denied for user ''@'localhost' to database 'moni_production'):
  mysql2 (0.3.15) lib/mysql2/client.rb:67:in `connect'
  mysql2 (0.3.15) lib/mysql2/client.rb:67:in `initialize'
  activerecord (4.1.0) lib/active_record/connection_adapters/mysql2_adapter.rb:18:in `new'
  activerecord (4.1.0) lib/active_record/connection_adapters/mysql2_adapter.rb:18:in `mysql2_connection'
  activerecord (4.1.0) lib/active_record/connection_adapters/abstract/connection_pool.rb:435:in `new_connection'
  activerecord (4.1.0) lib/active_record/connection_adapters/abstract/connection_pool.rb:445:in `checkout_new_connection'
  activerecord (4.1.0) lib/active_record/connection_adapters/abstract/connection_pool.rb:416:in `acquire_connection'
  activerecord (4.1.0) lib/active_record/connection_adapters/abstract/connection_pool.rb:351:in `block in checkout'
  /usr/lib/ruby/1.9.1/monitor.rb:211:in `mon_synchronize'
  activerecord (4.1.0) lib/active_record/connection_adapters/abstract/connection_pool.rb:350:in `checkout'
  activerecord (4.1.0) lib/active_record/connection_adapters/abstract/connection_pool.rb:265:in `block in connection'
  /usr/lib/ruby/1.9.1/monitor.rb:211:in `mon_synchronize'
  activerecord (4.1.0) lib/active_record/connection_adapters/abstract/connection_pool.rb:264:in `connection'
  activerecord (4.1.0) lib/active_record/connection_adapters/abstract/connection_pool.rb:541:in `retrieve_connection'
  activerecord (4.1.0) lib/active_record/connection_handling.rb:113:in `retrieve_connection'
  activerecord (4.1.0) lib/active_record/connection_handling.rb:87:in `connection'
  activerecord (4.1.0) lib/active_record/query_cache.rb:51:in `restore_query_cache_settings'
  activerecord (4.1.0) lib/active_record/query_cache.rb:43:in `rescue in call'
  activerecord (4.1.0) lib/active_record/query_cache.rb:32:in `call'
  activerecord (4.1.0) lib/active_record/connection_adapters/abstract/connection_pool.rb:621:in `call'
  actionpack (4.1.0) lib/action_dispatch/middleware/callbacks.rb:29:in `block in call'
  activesupport (4.1.0) lib/active_support/callbacks.rb:82:in `run_callbacks'
  actionpack (4.1.0) lib/action_dispatch/middleware/callbacks.rb:27:in `call'
  actionpack (4.1.0) lib/action_dispatch/middleware/remote_ip.rb:76:in `call'
  actionpack (4.1.0) lib/action_dispatch/middleware/debug_exceptions.rb:17:in `call'
  actionpack (4.1.0) lib/action_dispatch/middleware/show_exceptions.rb:30:in `call'
  railties (4.1.0) lib/rails/rack/logger.rb:38:in `call_app'
  railties (4.1.0) lib/rails/rack/logger.rb:20:in `block in call'
  activesupport (4.1.0) lib/active_support/tagged_logging.rb:68:in `block in tagged'
  activesupport (4.1.0) lib/active_support/tagged_logging.rb:26:in `tagged'
  activesupport (4.1.0) lib/active_support/tagged_logging.rb:68:in `tagged'
  railties (4.1.0) lib/rails/rack/logger.rb:20:in `call'
  actionpack (4.1.0) lib/action_dispatch/middleware/request_id.rb:21:in `call'
  rack (1.5.2) lib/rack/methodoverride.rb:21:in `call'
  rack (1.5.2) lib/rack/runtime.rb:17:in `call'
  activesupport (4.1.0) lib/active_support/cache/strategy/local_cache_middleware.rb:26:in `call'
  actionpack (4.1.0) lib/action_dispatch/middleware/static.rb:64:in `call'
  rack (1.5.2) lib/rack/sendfile.rb:112:in `call'
  railties (4.1.0) lib/rails/engine.rb:514:in `call'
  railties (4.1.0) lib/rails/application.rb:144:in `call'
  rack (1.5.2) lib/rack/lock.rb:17:in `call'
  rack (1.5.2) lib/rack/content_length.rb:14:in `call'
  rack (1.5.2) lib/rack/handler/webrick.rb:60:in `service'
  /usr/lib/ruby/1.9.1/webrick/httpserver.rb:138:in `service'
  /usr/lib/ruby/1.9.1/webrick/httpserver.rb:94:in `run'
  /usr/lib/ruby/1.9.1/webrick/server.rb:191:in `block in start_thread'


I, [2014-05-14T12:44:27.308177 #4390]  INFO -- : Started GET "/" for 127.0.0.1 at 2014-05-14 12:44:27 +0700
F, [2014-05-14T12:44:27.310098 #4390] FATAL -- : 
Mysql2::Error (Access denied for user ''@'localhost' to database 'moni_production'):
  mysql2 (0.3.15) lib/mysql2/client.rb:67:in `connect'
  mysql2 (0.3.15) lib/mysql2/client.rb:67:in `initialize'
  activerecord (4.1.0) lib/active_record/connection_adapters/mysql2_adapter.rb:18:in `new'
  activerecord (4.1.0) lib/active_record/connection_adapters/mysql2_adapter.rb:18:in `mysql2_connection'
  activerecord (4.1.0) lib/active_record/connection_adapters/abstract/connection_pool.rb:435:in `new_connection'
  activerecord (4.1.0) lib/active_record/connection_adapters/abstract/connection_pool.rb:445:in `checkout_new_connection'
  activerecord (4.1.0) lib/active_record/connection_adapters/abstract/connection_pool.rb:416:in `acquire_connection'
  activerecord (4.1.0) lib/active_record/connection_adapters/abstract/connection_pool.rb:351:in `block in checkout'
  /usr/lib/ruby/1.9.1/monitor.rb:211:in `mon_synchronize'
  activerecord (4.1.0) lib/active_record/connection_adapters/abstract/connection_pool.rb:350:in `checkout'
  activerecord (4.1.0) lib/active_record/connection_adapters/abstract/connection_pool.rb:265:in `block in connection'
  /usr/lib/ruby/1.9.1/monitor.rb:211:in `mon_synchronize'
  activerecord (4.1.0) lib/active_record/connection_adapters/abstract/connection_pool.rb:264:in `connection'
  activerecord (4.1.0) lib/active_record/connection_adapters/abstract/connection_pool.rb:541:in `retrieve_connection'
  activerecord (4.1.0) lib/active_record/connection_handling.rb:113:in `retrieve_connection'
  activerecord (4.1.0) lib/active_record/connection_handling.rb:87:in `connection'
  activerecord (4.1.0) lib/active_record/query_cache.rb:51:in `restore_query_cache_settings'
  activerecord (4.1.0) lib/active_record/query_cache.rb:43:in `rescue in call'
  activerecord (4.1.0) lib/active_record/query_cache.rb:32:in `call'
  activerecord (4.1.0) lib/active_record/connection_adapters/abstract/connection_pool.rb:621:in `call'
  actionpack (4.1.0) lib/action_dispatch/middleware/callbacks.rb:29:in `block in call'
  activesupport (4.1.0) lib/active_support/callbacks.rb:82:in `run_callbacks'
  actionpack (4.1.0) lib/action_dispatch/middleware/callbacks.rb:27:in `call'
  actionpack (4.1.0) lib/action_dispatch/middleware/remote_ip.rb:76:in `call'
  actionpack (4.1.0) lib/action_dispatch/middleware/debug_exceptions.rb:17:in `call'
  actionpack (4.1.0) lib/action_dispatch/middleware/show_exceptions.rb:30:in `call'
  railties (4.1.0) lib/rails/rack/logger.rb:38:in `call_app'
  railties (4.1.0) lib/rails/rack/logger.rb:20:in `block in call'
  activesupport (4.1.0) lib/active_support/tagged_logging.rb:68:in `block in tagged'
  activesupport (4.1.0) lib/active_support/tagged_logging.rb:26:in `tagged'
  activesupport (4.1.0) lib/active_support/tagged_logging.rb:68:in `tagged'
  railties (4.1.0) lib/rails/rack/logger.rb:20:in `call'
  actionpack (4.1.0) lib/action_dispatch/middleware/request_id.rb:21:in `call'
  rack (1.5.2) lib/rack/methodoverride.rb:21:in `call'
  rack (1.5.2) lib/rack/runtime.rb:17:in `call'
  activesupport (4.1.0) lib/active_support/cache/strategy/local_cache_middleware.rb:26:in `call'
  actionpack (4.1.0) lib/action_dispatch/middleware/static.rb:64:in `call'
  rack (1.5.2) lib/rack/sendfile.rb:112:in `call'
  railties (4.1.0) lib/rails/engine.rb:514:in `call'
  railties (4.1.0) lib/rails/application.rb:144:in `call'
  rack (1.5.2) lib/rack/lock.rb:17:in `call'
  rack (1.5.2) lib/rack/content_length.rb:14:in `call'
  rack (1.5.2) lib/rack/handler/webrick.rb:60:in `service'
  /usr/lib/ruby/1.9.1/webrick/httpserver.rb:138:in `service'
  /usr/lib/ruby/1.9.1/webrick/httpserver.rb:94:in `run'
  /usr/lib/ruby/1.9.1/webrick/server.rb:191:in `block in start_thread'


I, [2014-05-14T12:44:27.489984 #4390]  INFO -- : Started GET "/" for 127.0.0.1 at 2014-05-14 12:44:27 +0700
F, [2014-05-14T12:44:27.491705 #4390] FATAL -- : 
Mysql2::Error (Access denied for user ''@'localhost' to database 'moni_production'):
  mysql2 (0.3.15) lib/mysql2/client.rb:67:in `connect'
  mysql2 (0.3.15) lib/mysql2/client.rb:67:in `initialize'
  activerecord (4.1.0) lib/active_record/connection_adapters/mysql2_adapter.rb:18:in `new'
  activerecord (4.1.0) lib/active_record/connection_adapters/mysql2_adapter.rb:18:in `mysql2_connection'
  activerecord (4.1.0) lib/active_record/connection_adapters/abstract/connection_pool.rb:435:in `new_connection'
  activerecord (4.1.0) lib/active_record/connection_adapters/abstract/connection_pool.rb:445:in `checkout_new_connection'
  activerecord (4.1.0) lib/active_record/connection_adapters/abstract/connection_pool.rb:416:in `acquire_connection'
  activerecord (4.1.0) lib/active_record/connection_adapters/abstract/connection_pool.rb:351:in `block in checkout'
  /usr/lib/ruby/1.9.1/monitor.rb:211:in `mon_synchronize'
  activerecord (4.1.0) lib/active_record/connection_adapters/abstract/connection_pool.rb:350:in `checkout'
  activerecord (4.1.0) lib/active_record/connection_adapters/abstract/connection_pool.rb:265:in `block in connection'
  /usr/lib/ruby/1.9.1/monitor.rb:211:in `mon_synchronize'
  activerecord (4.1.0) lib/active_record/connection_adapters/abstract/connection_pool.rb:264:in `connection'
  activerecord (4.1.0) lib/active_record/connection_adapters/abstract/connection_pool.rb:541:in `retrieve_connection'
  activerecord (4.1.0) lib/active_record/connection_handling.rb:113:in `retrieve_connection'
  activerecord (4.1.0) lib/active_record/connection_handling.rb:87:in `connection'
  activerecord (4.1.0) lib/active_record/query_cache.rb:51:in `restore_query_cache_settings'
  activerecord (4.1.0) lib/active_record/query_cache.rb:43:in `rescue in call'
  activerecord (4.1.0) lib/active_record/query_cache.rb:32:in `call'
  activerecord (4.1.0) lib/active_record/connection_adapters/abstract/connection_pool.rb:621:in `call'
  actionpack (4.1.0) lib/action_dispatch/middleware/callbacks.rb:29:in `block in call'
  activesupport (4.1.0) lib/active_support/callbacks.rb:82:in `run_callbacks'
  actionpack (4.1.0) lib/action_dispatch/middleware/callbacks.rb:27:in `call'
  actionpack (4.1.0) lib/action_dispatch/middleware/remote_ip.rb:76:in `call'
  actionpack (4.1.0) lib/action_dispatch/middleware/debug_exceptions.rb:17:in `call'
  actionpack (4.1.0) lib/action_dispatch/middleware/show_exceptions.rb:30:in `call'
  railties (4.1.0) lib/rails/rack/logger.rb:38:in `call_app'
  railties (4.1.0) lib/rails/rack/logger.rb:20:in `block in call'
  activesupport (4.1.0) lib/active_support/tagged_logging.rb:68:in `block in tagged'
  activesupport (4.1.0) lib/active_support/tagged_logging.rb:26:in `tagged'
  activesupport (4.1.0) lib/active_support/tagged_logging.rb:68:in `tagged'
  railties (4.1.0) lib/rails/rack/logger.rb:20:in `call'
  actionpack (4.1.0) lib/action_dispatch/middleware/request_id.rb:21:in `call'
  rack (1.5.2) lib/rack/methodoverride.rb:21:in `call'
  rack (1.5.2) lib/rack/runtime.rb:17:in `call'
  activesupport (4.1.0) lib/active_support/cache/strategy/local_cache_middleware.rb:26:in `call'
  actionpack (4.1.0) lib/action_dispatch/middleware/static.rb:64:in `call'
  rack (1.5.2) lib/rack/sendfile.rb:112:in `call'
  railties (4.1.0) lib/rails/engine.rb:514:in `call'
  railties (4.1.0) lib/rails/application.rb:144:in `call'
  rack (1.5.2) lib/rack/lock.rb:17:in `call'
  rack (1.5.2) lib/rack/content_length.rb:14:in `call'
  rack (1.5.2) lib/rack/handler/webrick.rb:60:in `service'
  /usr/lib/ruby/1.9.1/webrick/httpserver.rb:138:in `service'
  /usr/lib/ruby/1.9.1/webrick/httpserver.rb:94:in `run'
  /usr/lib/ruby/1.9.1/webrick/server.rb:191:in `block in start_thread'


I, [2014-05-14T12:44:27.687660 #4390]  INFO -- : Started GET "/" for 127.0.0.1 at 2014-05-14 12:44:27 +0700
F, [2014-05-14T12:44:27.691316 #4390] FATAL -- : 
Mysql2::Error (Access denied for user ''@'localhost' to database 'moni_production'):
  mysql2 (0.3.15) lib/mysql2/client.rb:67:in `connect'
  mysql2 (0.3.15) lib/mysql2/client.rb:67:in `initialize'
  activerecord (4.1.0) lib/active_record/connection_adapters/mysql2_adapter.rb:18:in `new'
  activerecord (4.1.0) lib/active_record/connection_adapters/mysql2_adapter.rb:18:in `mysql2_connection'
  activerecord (4.1.0) lib/active_record/connection_adapters/abstract/connection_pool.rb:435:in `new_connection'
  activerecord (4.1.0) lib/active_record/connection_adapters/abstract/connection_pool.rb:445:in `checkout_new_connection'
  activerecord (4.1.0) lib/active_record/connection_adapters/abstract/connection_pool.rb:416:in `acquire_connection'
  activerecord (4.1.0) lib/active_record/connection_adapters/abstract/connection_pool.rb:351:in `block in checkout'
  /usr/lib/ruby/1.9.1/monitor.rb:211:in `mon_synchronize'
  activerecord (4.1.0) lib/active_record/connection_adapters/abstract/connection_pool.rb:350:in `checkout'
  activerecord (4.1.0) lib/active_record/connection_adapters/abstract/connection_pool.rb:265:in `block in connection'
  /usr/lib/ruby/1.9.1/monitor.rb:211:in `mon_synchronize'
  activerecord (4.1.0) lib/active_record/connection_adapters/abstract/connection_pool.rb:264:in `connection'
  activerecord (4.1.0) lib/active_record/connection_adapters/abstract/connection_pool.rb:541:in `retrieve_connection'
  activerecord (4.1.0) lib/active_record/connection_handling.rb:113:in `retrieve_connection'
  activerecord (4.1.0) lib/active_record/connection_handling.rb:87:in `connection'
  activerecord (4.1.0) lib/active_record/query_cache.rb:51:in `restore_query_cache_settings'
  activerecord (4.1.0) lib/active_record/query_cache.rb:43:in `rescue in call'
  activerecord (4.1.0) lib/active_record/query_cache.rb:32:in `call'
  activerecord (4.1.0) lib/active_record/connection_adapters/abstract/connection_pool.rb:621:in `call'
  actionpack (4.1.0) lib/action_dispatch/middleware/callbacks.rb:29:in `block in call'
  activesupport (4.1.0) lib/active_support/callbacks.rb:82:in `run_callbacks'
  actionpack (4.1.0) lib/action_dispatch/middleware/callbacks.rb:27:in `call'
  actionpack (4.1.0) lib/action_dispatch/middleware/remote_ip.rb:76:in `call'
  actionpack (4.1.0) lib/action_dispatch/middleware/debug_exceptions.rb:17:in `call'
  actionpack (4.1.0) lib/action_dispatch/middleware/show_exceptions.rb:30:in `call'
  railties (4.1.0) lib/rails/rack/logger.rb:38:in `call_app'
  railties (4.1.0) lib/rails/rack/logger.rb:20:in `block in call'
  activesupport (4.1.0) lib/active_support/tagged_logging.rb:68:in `block in tagged'
  activesupport (4.1.0) lib/active_support/tagged_logging.rb:26:in `tagged'
  activesupport (4.1.0) lib/active_support/tagged_logging.rb:68:in `tagged'
  railties (4.1.0) lib/rails/rack/logger.rb:20:in `call'
  actionpack (4.1.0) lib/action_dispatch/middleware/request_id.rb:21:in `call'
  rack (1.5.2) lib/rack/methodoverride.rb:21:in `call'
  rack (1.5.2) lib/rack/runtime.rb:17:in `call'
  activesupport (4.1.0) lib/active_support/cache/strategy/local_cache_middleware.rb:26:in `call'
  actionpack (4.1.0) lib/action_dispatch/middleware/static.rb:64:in `call'
  rack (1.5.2) lib/rack/sendfile.rb:112:in `call'
  railties (4.1.0) lib/rails/engine.rb:514:in `call'
  railties (4.1.0) lib/rails/application.rb:144:in `call'
  rack (1.5.2) lib/rack/lock.rb:17:in `call'
  rack (1.5.2) lib/rack/content_length.rb:14:in `call'
  rack (1.5.2) lib/rack/handler/webrick.rb:60:in `service'
  /usr/lib/ruby/1.9.1/webrick/httpserver.rb:138:in `service'
  /usr/lib/ruby/1.9.1/webrick/httpserver.rb:94:in `run'
  /usr/lib/ruby/1.9.1/webrick/server.rb:191:in `block in start_thread'


I, [2014-05-14T12:44:27.884790 #4390]  INFO -- : Started GET "/" for 127.0.0.1 at 2014-05-14 12:44:27 +0700
F, [2014-05-14T12:44:27.886839 #4390] FATAL -- : 
Mysql2::Error (Access denied for user ''@'localhost' to database 'moni_production'):
  mysql2 (0.3.15) lib/mysql2/client.rb:67:in `connect'
  mysql2 (0.3.15) lib/mysql2/client.rb:67:in `initialize'
  activerecord (4.1.0) lib/active_record/connection_adapters/mysql2_adapter.rb:18:in `new'
  activerecord (4.1.0) lib/active_record/connection_adapters/mysql2_adapter.rb:18:in `mysql2_connection'
  activerecord (4.1.0) lib/active_record/connection_adapters/abstract/connection_pool.rb:435:in `new_connection'
  activerecord (4.1.0) lib/active_record/connection_adapters/abstract/connection_pool.rb:445:in `checkout_new_connection'
  activerecord (4.1.0) lib/active_record/connection_adapters/abstract/connection_pool.rb:416:in `acquire_connection'
  activerecord (4.1.0) lib/active_record/connection_adapters/abstract/connection_pool.rb:351:in `block in checkout'
  /usr/lib/ruby/1.9.1/monitor.rb:211:in `mon_synchronize'
  activerecord (4.1.0) lib/active_record/connection_adapters/abstract/connection_pool.rb:350:in `checkout'
  activerecord (4.1.0) lib/active_record/connection_adapters/abstract/connection_pool.rb:265:in `block in connection'
  /usr/lib/ruby/1.9.1/monitor.rb:211:in `mon_synchronize'
  activerecord (4.1.0) lib/active_record/connection_adapters/abstract/connection_pool.rb:264:in `connection'
  activerecord (4.1.0) lib/active_record/connection_adapters/abstract/connection_pool.rb:541:in `retrieve_connection'
  activerecord (4.1.0) lib/active_record/connection_handling.rb:113:in `retrieve_connection'
  activerecord (4.1.0) lib/active_record/connection_handling.rb:87:in `connection'
  activerecord (4.1.0) lib/active_record/query_cache.rb:51:in `restore_query_cache_settings'
  activerecord (4.1.0) lib/active_record/query_cache.rb:43:in `rescue in call'
  activerecord (4.1.0) lib/active_record/query_cache.rb:32:in `call'
  activerecord (4.1.0) lib/active_record/connection_adapters/abstract/connection_pool.rb:621:in `call'
  actionpack (4.1.0) lib/action_dispatch/middleware/callbacks.rb:29:in `block in call'
  activesupport (4.1.0) lib/active_support/callbacks.rb:82:in `run_callbacks'
  actionpack (4.1.0) lib/action_dispatch/middleware/callbacks.rb:27:in `call'
  actionpack (4.1.0) lib/action_dispatch/middleware/remote_ip.rb:76:in `call'
  actionpack (4.1.0) lib/action_dispatch/middleware/debug_exceptions.rb:17:in `call'
  actionpack (4.1.0) lib/action_dispatch/middleware/show_exceptions.rb:30:in `call'
  railties (4.1.0) lib/rails/rack/logger.rb:38:in `call_app'
  railties (4.1.0) lib/rails/rack/logger.rb:20:in `block in call'
  activesupport (4.1.0) lib/active_support/tagged_logging.rb:68:in `block in tagged'
  activesupport (4.1.0) lib/active_support/tagged_logging.rb:26:in `tagged'
  activesupport (4.1.0) lib/active_support/tagged_logging.rb:68:in `tagged'
  railties (4.1.0) lib/rails/rack/logger.rb:20:in `call'
  actionpack (4.1.0) lib/action_dispatch/middleware/request_id.rb:21:in `call'
  rack (1.5.2) lib/rack/methodoverride.rb:21:in `call'
  rack (1.5.2) lib/rack/runtime.rb:17:in `call'
  activesupport (4.1.0) lib/active_support/cache/strategy/local_cache_middleware.rb:26:in `call'
  actionpack (4.1.0) lib/action_dispatch/middleware/static.rb:64:in `call'
  rack (1.5.2) lib/rack/sendfile.rb:112:in `call'
  railties (4.1.0) lib/rails/engine.rb:514:in `call'
  railties (4.1.0) lib/rails/application.rb:144:in `call'
  rack (1.5.2) lib/rack/lock.rb:17:in `call'
  rack (1.5.2) lib/rack/content_length.rb:14:in `call'
  rack (1.5.2) lib/rack/handler/webrick.rb:60:in `service'
  /usr/lib/ruby/1.9.1/webrick/httpserver.rb:138:in `service'
  /usr/lib/ruby/1.9.1/webrick/httpserver.rb:94:in `run'
  /usr/lib/ruby/1.9.1/webrick/server.rb:191:in `block in start_thread'


I, [2014-05-14T12:44:28.052618 #4390]  INFO -- : Started GET "/" for 127.0.0.1 at 2014-05-14 12:44:28 +0700
F, [2014-05-14T12:44:28.054555 #4390] FATAL -- : 
Mysql2::Error (Access denied for user ''@'localhost' to database 'moni_production'):
  mysql2 (0.3.15) lib/mysql2/client.rb:67:in `connect'
  mysql2 (0.3.15) lib/mysql2/client.rb:67:in `initialize'
  activerecord (4.1.0) lib/active_record/connection_adapters/mysql2_adapter.rb:18:in `new'
  activerecord (4.1.0) lib/active_record/connection_adapters/mysql2_adapter.rb:18:in `mysql2_connection'
  activerecord (4.1.0) lib/active_record/connection_adapters/abstract/connection_pool.rb:435:in `new_connection'
  activerecord (4.1.0) lib/active_record/connection_adapters/abstract/connection_pool.rb:445:in `checkout_new_connection'
  activerecord (4.1.0) lib/active_record/connection_adapters/abstract/connection_pool.rb:416:in `acquire_connection'
  activerecord (4.1.0) lib/active_record/connection_adapters/abstract/connection_pool.rb:351:in `block in checkout'
  /usr/lib/ruby/1.9.1/monitor.rb:211:in `mon_synchronize'
  activerecord (4.1.0) lib/active_record/connection_adapters/abstract/connection_pool.rb:350:in `checkout'
  activerecord (4.1.0) lib/active_record/connection_adapters/abstract/connection_pool.rb:265:in `block in connection'
  /usr/lib/ruby/1.9.1/monitor.rb:211:in `mon_synchronize'
  activerecord (4.1.0) lib/active_record/connection_adapters/abstract/connection_pool.rb:264:in `connection'
  activerecord (4.1.0) lib/active_record/connection_adapters/abstract/connection_pool.rb:541:in `retrieve_connection'
  activerecord (4.1.0) lib/active_record/connection_handling.rb:113:in `retrieve_connection'
  activerecord (4.1.0) lib/active_record/connection_handling.rb:87:in `connection'
  activerecord (4.1.0) lib/active_record/query_cache.rb:51:in `restore_query_cache_settings'
  activerecord (4.1.0) lib/active_record/query_cache.rb:43:in `rescue in call'
  activerecord (4.1.0) lib/active_record/query_cache.rb:32:in `call'
  activerecord (4.1.0) lib/active_record/connection_adapters/abstract/connection_pool.rb:621:in `call'
  actionpack (4.1.0) lib/action_dispatch/middleware/callbacks.rb:29:in `block in call'
  activesupport (4.1.0) lib/active_support/callbacks.rb:82:in `run_callbacks'
  actionpack (4.1.0) lib/action_dispatch/middleware/callbacks.rb:27:in `call'
  actionpack (4.1.0) lib/action_dispatch/middleware/remote_ip.rb:76:in `call'
  actionpack (4.1.0) lib/action_dispatch/middleware/debug_exceptions.rb:17:in `call'
  actionpack (4.1.0) lib/action_dispatch/middleware/show_exceptions.rb:30:in `call'
  railties (4.1.0) lib/rails/rack/logger.rb:38:in `call_app'
  railties (4.1.0) lib/rails/rack/logger.rb:20:in `block in call'
  activesupport (4.1.0) lib/active_support/tagged_logging.rb:68:in `block in tagged'
  activesupport (4.1.0) lib/active_support/tagged_logging.rb:26:in `tagged'
  activesupport (4.1.0) lib/active_support/tagged_logging.rb:68:in `tagged'
  railties (4.1.0) lib/rails/rack/logger.rb:20:in `call'
  actionpack (4.1.0) lib/action_dispatch/middleware/request_id.rb:21:in `call'
  rack (1.5.2) lib/rack/methodoverride.rb:21:in `call'
  rack (1.5.2) lib/rack/runtime.rb:17:in `call'
  activesupport (4.1.0) lib/active_support/cache/strategy/local_cache_middleware.rb:26:in `call'
  actionpack (4.1.0) lib/action_dispatch/middleware/static.rb:64:in `call'
  rack (1.5.2) lib/rack/sendfile.rb:112:in `call'
  railties (4.1.0) lib/rails/engine.rb:514:in `call'
  railties (4.1.0) lib/rails/application.rb:144:in `call'
  rack (1.5.2) lib/rack/lock.rb:17:in `call'
  rack (1.5.2) lib/rack/content_length.rb:14:in `call'
  rack (1.5.2) lib/rack/handler/webrick.rb:60:in `service'
  /usr/lib/ruby/1.9.1/webrick/httpserver.rb:138:in `service'
  /usr/lib/ruby/1.9.1/webrick/httpserver.rb:94:in `run'
  /usr/lib/ruby/1.9.1/webrick/server.rb:191:in `block in start_thread'


I, [2014-05-14T12:44:28.234927 #4390]  INFO -- : Started GET "/" for 127.0.0.1 at 2014-05-14 12:44:28 +0700
F, [2014-05-14T12:44:28.238048 #4390] FATAL -- : 
Mysql2::Error (Access denied for user ''@'localhost' to database 'moni_production'):
  mysql2 (0.3.15) lib/mysql2/client.rb:67:in `connect'
  mysql2 (0.3.15) lib/mysql2/client.rb:67:in `initialize'
  activerecord (4.1.0) lib/active_record/connection_adapters/mysql2_adapter.rb:18:in `new'
  activerecord (4.1.0) lib/active_record/connection_adapters/mysql2_adapter.rb:18:in `mysql2_connection'
  activerecord (4.1.0) lib/active_record/connection_adapters/abstract/connection_pool.rb:435:in `new_connection'
  activerecord (4.1.0) lib/active_record/connection_adapters/abstract/connection_pool.rb:445:in `checkout_new_connection'
  activerecord (4.1.0) lib/active_record/connection_adapters/abstract/connection_pool.rb:416:in `acquire_connection'
  activerecord (4.1.0) lib/active_record/connection_adapters/abstract/connection_pool.rb:351:in `block in checkout'
  /usr/lib/ruby/1.9.1/monitor.rb:211:in `mon_synchronize'
  activerecord (4.1.0) lib/active_record/connection_adapters/abstract/connection_pool.rb:350:in `checkout'
  activerecord (4.1.0) lib/active_record/connection_adapters/abstract/connection_pool.rb:265:in `block in connection'
  /usr/lib/ruby/1.9.1/monitor.rb:211:in `mon_synchronize'
  activerecord (4.1.0) lib/active_record/connection_adapters/abstract/connection_pool.rb:264:in `connection'
  activerecord (4.1.0) lib/active_record/connection_adapters/abstract/connection_pool.rb:541:in `retrieve_connection'
  activerecord (4.1.0) lib/active_record/connection_handling.rb:113:in `retrieve_connection'
  activerecord (4.1.0) lib/active_record/connection_handling.rb:87:in `connection'
  activerecord (4.1.0) lib/active_record/query_cache.rb:51:in `restore_query_cache_settings'
  activerecord (4.1.0) lib/active_record/query_cache.rb:43:in `rescue in call'
  activerecord (4.1.0) lib/active_record/query_cache.rb:32:in `call'
  activerecord (4.1.0) lib/active_record/connection_adapters/abstract/connection_pool.rb:621:in `call'
  actionpack (4.1.0) lib/action_dispatch/middleware/callbacks.rb:29:in `block in call'
  activesupport (4.1.0) lib/active_support/callbacks.rb:82:in `run_callbacks'
  actionpack (4.1.0) lib/action_dispatch/middleware/callbacks.rb:27:in `call'
  actionpack (4.1.0) lib/action_dispatch/middleware/remote_ip.rb:76:in `call'
  actionpack (4.1.0) lib/action_dispatch/middleware/debug_exceptions.rb:17:in `call'
  actionpack (4.1.0) lib/action_dispatch/middleware/show_exceptions.rb:30:in `call'
  railties (4.1.0) lib/rails/rack/logger.rb:38:in `call_app'
  railties (4.1.0) lib/rails/rack/logger.rb:20:in `block in call'
  activesupport (4.1.0) lib/active_support/tagged_logging.rb:68:in `block in tagged'
  activesupport (4.1.0) lib/active_support/tagged_logging.rb:26:in `tagged'
  activesupport (4.1.0) lib/active_support/tagged_logging.rb:68:in `tagged'
  railties (4.1.0) lib/rails/rack/logger.rb:20:in `call'
  actionpack (4.1.0) lib/action_dispatch/middleware/request_id.rb:21:in `call'
  rack (1.5.2) lib/rack/methodoverride.rb:21:in `call'
  rack (1.5.2) lib/rack/runtime.rb:17:in `call'
  activesupport (4.1.0) lib/active_support/cache/strategy/local_cache_middleware.rb:26:in `call'
  actionpack (4.1.0) lib/action_dispatch/middleware/static.rb:64:in `call'
  rack (1.5.2) lib/rack/sendfile.rb:112:in `call'
  railties (4.1.0) lib/rails/engine.rb:514:in `call'
  railties (4.1.0) lib/rails/application.rb:144:in `call'
  rack (1.5.2) lib/rack/lock.rb:17:in `call'
  rack (1.5.2) lib/rack/content_length.rb:14:in `call'
  rack (1.5.2) lib/rack/handler/webrick.rb:60:in `service'
  /usr/lib/ruby/1.9.1/webrick/httpserver.rb:138:in `service'
  /usr/lib/ruby/1.9.1/webrick/httpserver.rb:94:in `run'
  /usr/lib/ruby/1.9.1/webrick/server.rb:191:in `block in start_thread'


I, [2014-05-14T12:48:07.232082 #4532]  INFO -- : Started GET "/" for 127.0.0.1 at 2014-05-14 12:48:07 +0700
I, [2014-05-14T12:48:07.277358 #4532]  INFO -- : Processing by ShowController#index as HTML
I, [2014-05-14T12:48:07.296511 #4532]  INFO -- :   Rendered show/index.html.erb within layouts/application (2.6ms)
I, [2014-05-14T12:48:07.298057 #4532]  INFO -- : Completed 200 OK in 21ms (Views: 5.5ms | ActiveRecord: 0.0ms)
